<?xml version="1.0" encoding="UTF-8"?>
<testng-results ignored="0" total="1" passed="1" failed="0" skipped="0">
  <reporter-output>
  </reporter-output>
  <suite started-at="2026-04-17T11:54:02 IST" name="Surefire suite" finished-at="2026-04-17T11:54:10 IST" duration-ms="7689">
    <groups>
    </groups>
    <test started-at="2026-04-17T11:54:02 IST" name="Surefire test" finished-at="2026-04-17T11:54:10 IST" duration-ms="7689">
      <class name="tests.LoginTest">
        <test-method is-config="true" signature="setUp()[pri:0, instance:tests.LoginTest@568bf312]" started-at="2026-04-17T11:54:02 IST" name="setUp" finished-at="2026-04-17T11:54:06 IST" duration-ms="3223" status="PASS">
          <reporter-output>
          </reporter-output>
        </test-method> <!-- setUp -->
        <test-method signature="verifyLogin()[pri:0, instance:tests.LoginTest@568bf312]" started-at="2026-04-17T11:54:06 IST" name="verifyLogin" finished-at="2026-04-17T11:54:10 IST" duration-ms="4253" status="PASS">
          <reporter-output>
          </reporter-output>
        </test-method> <!-- verifyLogin -->
        <test-method is-config="true" signature="tearDown()[pri:0, instance:tests.LoginTest@568bf312]" started-at="2026-04-17T11:54:10 IST" name="tearDown" finished-at="2026-04-17T11:54:10 IST" duration-ms="183" status="PASS">
          <reporter-output>
          </reporter-output>
        </test-method> <!-- tearDown -->
      </class> <!-- tests.LoginTest -->
    </test> <!-- Surefire test -->
  </suite> <!-- Surefire suite -->
</testng-results>
