<?xml version="1.0" encoding="UTF-8"?>
<testng-results ignored="0" total="1" passed="1" failed="0" skipped="0">
  <reporter-output>
  </reporter-output>
  <suite started-at="2026-04-17T10:18:08 IST" name="Default suite" finished-at="2026-04-17T10:18:12 IST" duration-ms="4449">
    <groups>
    </groups>
    <test started-at="2026-04-17T10:18:08 IST" name="Default test" finished-at="2026-04-17T10:18:12 IST" duration-ms="4449">
      <class name="tests.LoginTest">
        <test-method is-config="true" signature="setUp()[pri:0, instance:tests.LoginTest@1a451d4d]" started-at="2026-04-17T10:18:08 IST" name="setUp" finished-at="2026-04-17T10:18:10 IST" duration-ms="2402" status="PASS">
          <reporter-output>
          </reporter-output>
        </test-method> <!-- setUp -->
        <test-method signature="verifyLogin()[pri:0, instance:tests.LoginTest@1a451d4d]" started-at="2026-04-17T10:18:10 IST" name="verifyLogin" finished-at="2026-04-17T10:18:12 IST" duration-ms="1842" status="PASS">
          <reporter-output>
          </reporter-output>
        </test-method> <!-- verifyLogin -->
        <test-method is-config="true" signature="tearDown()[pri:0, instance:tests.LoginTest@1a451d4d]" started-at="2026-04-17T10:18:12 IST" name="tearDown" finished-at="2026-04-17T10:18:12 IST" duration-ms="163" status="PASS">
          <reporter-output>
          </reporter-output>
        </test-method> <!-- tearDown -->
      </class> <!-- tests.LoginTest -->
    </test> <!-- Default test -->
  </suite> <!-- Default suite -->
</testng-results>
