<?xml version="1.0" encoding="UTF-8"?>
<!-- Generated by org.testng.reporters.JUnitReportReporter -->
<testsuite hostname="Mohan" failures="0" tests="4" name="runners.TestRunner" time="19.391" errors="0" timestamp="2026-04-20T11:58:54 IST" skipped="0">
  <testcase classname="runners.TestRunner" name="runScenario" time="6.205"/>
  <testcase classname="runners.TestRunner" name="runScenario" time="4.225"/>
  <testcase classname="runners.TestRunner" name="runScenario" time="3.882"/>
  <testcase classname="runners.TestRunner" name="runScenario" time="5.079"/>
</testsuite> <!-- runners.TestRunner -->
